# JRE version: Java(TM) SE Runtime Environment (8.0_60-b27) (build 1.8.0_60-b27)
# Java VM: Java HotSpot(TM) 64-Bit Server VM (25.60-b23 mixed mode windows-amd64 compressed oops)
Heap:
 PSYoungGen      total 139264K, used 41089K [0x00000000eab00000, 0x00000000f5700000, 0x0000000100000000)
  eden space 111616K, 36% used [0x00000000eab00000,0x00000000ed320500,0x00000000f1800000)
  from space 27648K, 0% used [0x00000000f3600000,0x00000000f3600000,0x00000000f5100000)
  to   space 30720K, 0% used [0x00000000f1800000,0x00000000f1800000,0x00000000f3600000)
 ParOldGen       total 82944K, used 60377K [0x00000000c0000000, 0x00000000c5100000, 0x00000000eab00000)
  object space 82944K, 72% used [0x00000000c0000000,0x00000000c3af67a0,0x00000000c5100000)
 Metaspace       used 6781K, capacity 7608K, committed 7936K, reserved 1056768K
  class space    used 643K, capacity 688K, committed 768K, reserved 1048576K
GC Heap History (10 events):
Event: 5.269 GC heap before
{Heap before GC invocations=5 (full 0):
 PSYoungGen      total 61952K, used 61946K [0x00000000eab00000, 0x00000000eec00000, 0x0000000100000000)
  eden space 57344K, 100% used [0x00000000eab00000,0x00000000ee300000,0x00000000ee300000)
  from space 4608K, 99% used [0x00000000ee780000,0x00000000eebfea50,0x00000000eec00000)
  to   space 4608K, 0% used [0x00000000ee300000,0x00000000ee300000,0x00000000ee780000)
 ParOldGen       total 76800K, used 23408K [0x00000000c0000000, 0x00000000c4b00000, 0x00000000eab00000)
  object space 76800K, 30% used [0x00000000c0000000,0x00000000c16dc1d0,0x00000000c4b00000)
 Metaspace       used 5995K, capacity 7088K, committed 7296K, reserved 1056768K
  class space    used 588K, capacity 616K, committed 640K, reserved 1048576K
Event: 5.376 GC heap after
Heap after GC invocations=5 (full 0):
 PSYoungGen      total 61952K, used 4600K [0x00000000eab00000, 0x00000000f5100000, 0x0000000100000000)
  eden space 57344K, 0% used [0x00000000eab00000,0x00000000eab00000,0x00000000ee300000)
  from space 4608K, 99% used [0x00000000ee300000,0x00000000ee77e118,0x00000000ee780000)
  to   space 27648K, 0% used [0x00000000f3600000,0x00000000f3600000,0x00000000f5100000)
 ParOldGen       total 76800K, used 48747K [0x00000000c0000000, 0x00000000c4b00000, 0x00000000eab00000)
  object space 76800K, 63% used [0x00000000c0000000,0x00000000c2f9afe0,0x00000000c4b00000)
 Metaspace       used 5995K, capacity 7088K, committed 7296K, reserved 1056768K
  class space    used 588K, capacity 616K, committed 640K, reserved 1048576K
}
Event: 5.787 GC heap before
{Heap before GC invocations=6 (full 0):
 PSYoungGen      total 61952K, used 61944K [0x00000000eab00000, 0x00000000f5100000, 0x0000000100000000)
  eden space 57344K, 100% used [0x00000000eab00000,0x00000000ee300000,0x00000000ee300000)
  from space 4608K, 99% used [0x00000000ee300000,0x00000000ee77e118,0x00000000ee780000)
  to   space 27648K, 0% used [0x00000000f3600000,0x00000000f3600000,0x00000000f5100000)
 ParOldGen       total 76800K, used 48747K [0x00000000c0000000, 0x00000000c4b00000, 0x00000000eab00000)
  object space 76800K, 63% used [0x00000000c0000000,0x00000000c2f9afe0,0x00000000c4b00000)
 Metaspace       used 6047K, capacity 7088K, committed 7296K, reserved 1056768K
  class space    used 588K, capacity 616K, committed 640K, reserved 1048576K
Event: 5.859 GC heap after
Heap after GC invocations=6 (full 0):
 PSYoungGen      total 139264K, used 23500K [0x00000000eab00000, 0x00000000f5700000, 0x0000000100000000)
  eden space 111616K, 0% used [0x00000000eab00000,0x00000000eab00000,0x00000000f1800000)
  from space 27648K, 84% used [0x00000000f3600000,0x00000000f4cf31d0,0x00000000f5100000)
  to   space 30720K, 0% used [0x00000000f1800000,0x00000000f1800000,0x00000000f3600000)
 ParOldGen       total 76800K, used 48747K [0x00000000c0000000, 0x00000000c4b00000, 0x00000000eab00000)
  object space 76800K, 63% used [0x00000000c0000000,0x00000000c2f9afe0,0x00000000c4b00000)
 Metaspace       used 6047K, capacity 7088K, committed 7296K, reserved 1056768K
  class space    used 588K, capacity 616K, committed 640K, reserved 1048576K
}
Event: 8.457 GC heap before
{Heap before GC invocations=7 (full 0):
 PSYoungGen      total 139264K, used 135116K [0x00000000eab00000, 0x00000000f5700000, 0x0000000100000000)
  eden space 111616K, 100% used [0x00000000eab00000,0x00000000f1800000,0x00000000f1800000)
  from space 27648K, 84% used [0x00000000f3600000,0x00000000f4cf31d0,0x00000000f5100000)
  to   space 30720K, 0% used [0x00000000f1800000,0x00000000f1800000,0x00000000f3600000)
 ParOldGen       total 76800K, used 48747K [0x00000000c0000000, 0x00000000c4b00000, 0x00000000eab00000)
  object space 76800K, 63% used [0x00000000c0000000,0x00000000c2f9afe0,0x00000000c4b00000)
 Metaspace       used 6074K, capacity 7152K, committed 7296K, reserved 1056768K
  class space    used 590K, capacity 616K, committed 640K, reserved 1048576K
Event: 8.617 GC heap after
Heap after GC invocations=7 (full 0):
 PSYoungGen      total 142336K, used 30692K [0x00000000eab00000, 0x00000000f5700000, 0x0000000100000000)
  eden space 111616K, 0% used [0x00000000eab00000,0x00000000eab00000,0x00000000f1800000)
  from space 30720K, 99% used [0x00000000f1800000,0x00000000f35f90b0,0x00000000f3600000)
  to   space 27648K, 0% used [0x00000000f3600000,0x00000000f3600000,0x00000000f5100000)
 ParOldGen       total 76800K, used 54964K [0x00000000c0000000, 0x00000000c4b00000, 0x00000000eab00000)
  object space 76800K, 71% used [0x00000000c0000000,0x00000000c35ad128,0x00000000c4b00000)
 Metaspace       used 6074K, capacity 7152K, committed 7296K, reserved 1056768K
  class space    used 590K, capacity 616K, committed 640K, reserved 1048576K
}
Event: 14.257 GC heap before
{Heap before GC invocations=8 (full 0):
 PSYoungGen      total 142336K, used 142308K [0x00000000eab00000, 0x00000000f5700000, 0x0000000100000000)
  eden space 111616K, 100% used [0x00000000eab00000,0x00000000f1800000,0x00000000f1800000)
  from space 30720K, 99% used [0x00000000f1800000,0x00000000f35f90b0,0x00000000f3600000)
  to   space 27648K, 0% used [0x00000000f3600000,0x00000000f3600000,0x00000000f5100000)
 ParOldGen       total 76800K, used 54964K [0x00000000c0000000, 0x00000000c4b00000, 0x00000000eab00000)
  object space 76800K, 71% used [0x00000000c0000000,0x00000000c35ad128,0x00000000c4b00000)
 Metaspace       used 6092K, capacity 7152K, committed 7296K, reserved 1056768K
  class space    used 590K, capacity 616K, committed 640K, reserved 1048576K
Event: 14.425 GC heap after
Heap after GC invocations=8 (full 0):
 PSYoungGen      total 139264K, used 27616K [0x00000000eab00000, 0x00000000f5700000, 0x0000000100000000)
  eden space 111616K, 0% used [0x00000000eab00000,0x00000000eab00000,0x00000000f1800000)
  from space 27648K, 99% used [0x00000000f3600000,0x00000000f50f8058,0x00000000f5100000)
  to   space 30720K, 0% used [0x00000000f1800000,0x00000000f1800000,0x00000000f3600000)
 ParOldGen       total 82944K, used 82824K [0x00000000c0000000, 0x00000000c5100000, 0x00000000eab00000)
  object space 82944K, 99% used [0x00000000c0000000,0x00000000c50e2270,0x00000000c5100000)
 Metaspace       used 6092K, capacity 7152K, committed 7296K, reserved 1056768K
  class space    used 590K, capacity 616K, committed 640K, reserved 1048576K
}
Event: 14.425 GC heap before
{Heap before GC invocations=9 (full 1):
 PSYoungGen      total 139264K, used 27616K [0x00000000eab00000, 0x00000000f5700000, 0x0000000100000000)
  eden space 111616K, 0% used [0x00000000eab00000,0x00000000eab00000,0x00000000f1800000)
  from space 27648K, 99% used [0x00000000f3600000,0x00000000f50f8058,0x00000000f5100000)
  to   space 30720K, 0% used [0x00000000f1800000,0x00000000f1800000,0x00000000f3600000)
 ParOldGen       total 82944K, used 82824K [0x00000000c0000000, 0x00000000c5100000, 0x00000000eab00000)
  object space 82944K, 99% used [0x00000000c0000000,0x00000000c50e2270,0x00000000c5100000)
 Metaspace       used 6092K, capacity 7152K, committed 7296K, reserved 1056768K
  class space    used 590K, capacity 616K, committed 640K, reserved 1048576K
Event: 15.285 GC heap after
Heap after GC invocations=9 (full 1):
 PSYoungGen      total 139264K, used 0K [0x00000000eab00000, 0x00000000f5700000, 0x0000000100000000)
  eden space 111616K, 0% used [0x00000000eab00000,0x00000000eab00000,0x00000000f1800000)
  from space 27648K, 0% used [0x00000000f3600000,0x00000000f3600000,0x00000000f5100000)
  to   space 30720K, 0% used [0x00000000f1800000,0x00000000f1800000,0x00000000f3600000)
 ParOldGen       total 82944K, used 60377K [0x00000000c0000000, 0x00000000c5100000, 0x00000000eab00000)
  object space 82944K, 72% used [0x00000000c0000000,0x00000000c3af67a0,0x00000000c5100000)
 Metaspace       used 6092K, capacity 7152K, committed 7296K, reserved 1056768K
  class space    used 590K, capacity 616K, committed 640K, reserved 1048576K
}

